2026-06-09 23:25:32,378 [INFO] Initializing ledger network sweep
2026-06-09 23:25:32,504 [INFO] Pinging audit network channel: Visa Gateway
2026-06-09 23:25:33,436 [INFO] Pinging audit network channel: Stripe Fraud Engine
2026-06-09 23:25:33,834 [INFO] Pinging audit network channel: Internal Ledger Audit
2026-06-09 23:25:34,632 [INFO] HTTP Request: GET https://httpbin.org/status/200 "HTTP/1.1 200 OK"
2026-06-09 23:25:34,732 [INFO] HTTP Request: GET https://httpbin.org/status/200 "HTTP/1.1 200 OK"
2026-06-09 23:25:35,490 [INFO] HTTP Request: GET https://httpbin.org/status/500 "HTTP/1.1 500 INTERNAL SERVER ERROR"
2026-06-09 23:25:35,508 [ERROR] External clearance gateway failed: Expecting value: line 1 column 1 (char 0)
2026-06-09 23:25:35,508 [ERROR] External clearance gateway failed: Audit network channel returned critical status code: 500
2026-06-09 23:25:35,508 [ERROR] External clearance gateway failed: Expecting value: line 1 column 1 (char 0)
2026-06-09 23:25:35,512 [INFO] Sweep complete in 3.13s. Metrics -> Operational: [] | Offline: [JSONDecodeError('Expecting value: line 1 column 1 (char 0)'), ValueError('Audit network channel returned critical status code: 500'), JSONDecodeError('Expecting value: line 1 column 1 (char 0)')]

2026-06-09 23:27:27,518 [INFO] Initializing ledger network sweep
2026-06-09 23:27:27,550 [INFO] Pinging audit network channel: Visa Gateway
2026-06-09 23:27:28,208 [INFO] Pinging audit network channel: Stripe Fraud Engine
2026-06-09 23:27:28,667 [INFO] Pinging audit network channel: Internal Ledger Audit
2026-06-09 23:27:29,671 [INFO] HTTP Request: GET https://httpbin.org/status/500 "HTTP/1.1 500 INTERNAL SERVER ERROR"
2026-06-09 23:27:29,676 [INFO] HTTP Request: GET https://httpbin.org/status/200 "HTTP/1.1 200 OK"
2026-06-09 23:27:29,977 [INFO] HTTP Request: GET https://httpbin.org/status/200 "HTTP/1.1 200 OK"
2026-06-09 23:27:29,983 [ERROR] External clearance gateway failed: Expecting value: line 1 column 1 (char 0)
2026-06-09 23:27:29,983 [ERROR] External clearance gateway failed: Audit network channel returned critical status code: 500
2026-06-09 23:27:29,983 [ERROR] External clearance gateway failed: Expecting value: line 1 column 1 (char 0)
2026-06-09 23:27:29,988 [INFO] Sweep complete in 2.47s. Metrics -> Operational: [] | Offline: [JSONDecodeError('Expecting value: line 1 column 1 (char 0)'), ValueError('Audit network channel returned critical status code: 500'), JSONDecodeError('Expecting value: line 1 column 1 (char 0)')]

2026-06-09 23:31:47,046 [INFO] Initializing ledger network sweep
2026-06-09 23:31:47,365 [INFO] Pinging audit network channel: Visa Gateway
2026-06-09 23:31:48,170 [INFO] Pinging audit network channel: Stripe Fraud Engine
2026-06-09 23:31:48,722 [INFO] Pinging audit network channel: Internal Ledger Audit
2026-06-09 23:31:49,172 [INFO] Pinging audit network channel: Visa Gateway
2026-06-09 23:31:49,771 [INFO] Pinging audit network channel: Stripe Fraud Engine
2026-06-09 23:31:50,284 [INFO] Pinging audit network channel: Internal Ledger Audit
2026-06-09 23:31:50,766 [INFO] Pinging audit network channel: Visa Gateway
2026-06-09 23:31:51,277 [INFO] Pinging audit network channel: Stripe Fraud Engine
2026-06-09 23:31:51,810 [INFO] Pinging audit network channel: Internal Ledger Audit
2026-06-09 23:31:52,271 [INFO] Pinging audit network channel: Visa Gateway
2026-06-09 23:31:52,713 [INFO] Pinging audit network channel: Stripe Fraud Engine
2026-06-09 23:31:53,262 [INFO] Pinging audit network channel: Internal Ledger Audit
2026-06-09 23:31:53,846 [INFO] Pinging audit network channel: Visa Gateway
2026-06-09 23:31:54,285 [INFO] Pinging audit network channel: Stripe Fraud Engine
2026-06-09 23:31:54,782 [INFO] Pinging audit network channel: Internal Ledger Audit
2026-06-09 23:31:55,291 [INFO] Pinging audit network channel: Visa Gateway
2026-06-09 23:31:55,808 [INFO] Pinging audit network channel: Stripe Fraud Engine
2026-06-09 23:31:56,337 [INFO] Pinging audit network channel: Internal Ledger Audit
2026-06-09 23:31:56,862 [INFO] Pinging audit network channel: Visa Gateway
2026-06-09 23:31:57,388 [INFO] Pinging audit network channel: Stripe Fraud Engine
2026-06-09 23:31:58,535 [INFO] Pinging audit network channel: Internal Ledger Audit
2026-06-09 23:31:59,702 [INFO] Pinging audit network channel: Visa Gateway
2026-06-09 23:32:00,965 [INFO] Pinging audit network channel: Stripe Fraud Engine
2026-06-09 23:32:02,303 [INFO] Pinging audit network channel: Internal Ledger Audit
2026-06-09 23:32:03,580 [INFO] Pinging audit network channel: Visa Gateway
2026-06-09 23:32:04,781 [INFO] Pinging audit network channel: Stripe Fraud Engine
2026-06-09 23:32:05,980 [INFO] Pinging audit network channel: Internal Ledger Audit
2026-06-09 23:32:07,285 [INFO] Pinging audit network channel: Visa Gateway
2026-06-09 23:32:07,840 [INFO] Pinging audit network channel: Stripe Fraud Engine
2026-06-09 23:32:08,345 [INFO] Pinging audit network channel: Internal Ledger Audit
2026-06-09 23:32:08,948 [INFO] Pinging audit network channel: Visa Gateway
2026-06-09 23:32:09,365 [INFO] Pinging audit network channel: Stripe Fraud Engine
2026-06-09 23:32:10,039 [INFO] Pinging audit network channel: Internal Ledger Audit
2026-06-09 23:32:10,616 [INFO] Pinging audit network channel: Visa Gateway
2026-06-09 23:32:11,273 [INFO] Pinging audit network channel: Stripe Fraud Engine
2026-06-09 23:32:11,849 [INFO] Pinging audit network channel: Internal Ledger Audit
2026-06-09 23:32:12,298 [INFO] Pinging audit network channel: Visa Gateway
2026-06-09 23:32:12,705 [INFO] Pinging audit network channel: Stripe Fraud Engine
2026-06-09 23:32:13,136 [INFO] Pinging audit network channel: Internal Ledger Audit
2026-06-09 23:32:13,721 [INFO] Pinging audit network channel: Visa Gateway
2026-06-09 23:32:14,300 [INFO] Pinging audit network channel: Stripe Fraud Engine
2026-06-09 23:32:14,683 [INFO] Pinging audit network channel: Internal Ledger Audit
2026-06-09 23:32:15,284 [INFO] Pinging audit network channel: Visa Gateway
2026-06-09 23:32:15,858 [INFO] Pinging audit network channel: Stripe Fraud Engine
2026-06-09 23:32:16,461 [INFO] Pinging audit network channel: Internal Ledger Audit
2026-06-09 23:32:17,879 [INFO] Pinging audit network channel: Visa Gateway
2026-06-09 23:32:19,002 [INFO] Pinging audit network channel: Stripe Fraud Engine
2026-06-09 23:32:20,257 [INFO] Pinging audit network channel: Internal Ledger Audit
2026-06-09 23:32:21,440 [INFO] Pinging audit network channel: Visa Gateway
2026-06-09 23:32:22,661 [INFO] Pinging audit network channel: Stripe Fraud Engine
2026-06-09 23:32:23,921 [INFO] Pinging audit network channel: Internal Ledger Audit
2026-06-09 23:32:25,110 [INFO] Pinging audit network channel: Visa Gateway
2026-06-09 23:32:26,381 [INFO] Pinging audit network channel: Stripe Fraud Engine
2026-06-09 23:32:27,583 [INFO] Pinging audit network channel: Internal Ledger Audit
2026-06-09 23:32:29,070 [INFO] Pinging audit network channel: Visa Gateway
2026-06-09 23:32:30,396 [INFO] Pinging audit network channel: Stripe Fraud Engine
2026-06-09 23:32:31,770 [INFO] Pinging audit network channel: Internal Ledger Audit
2026-06-09 23:32:33,234 [INFO] Pinging audit network channel: Visa Gateway
2026-06-09 23:32:34,577 [INFO] Pinging audit network channel: Stripe Fraud Engine
2026-06-09 23:32:36,142 [INFO] Pinging audit network channel: Internal Ledger Audit
2026-06-09 23:32:37,669 [INFO] Pinging audit network channel: Visa Gateway
2026-06-09 23:32:39,300 [INFO] Pinging audit network channel: Stripe Fraud Engine
2026-06-09 23:32:40,635 [INFO] Pinging audit network channel: Internal Ledger Audit
2026-06-09 23:32:41,882 [INFO] Pinging audit network channel: Visa Gateway
2026-06-09 23:32:43,119 [INFO] Pinging audit network channel: Stripe Fraud Engine
2026-06-09 23:32:44,386 [INFO] Pinging audit network channel: Internal Ledger Audit
2026-06-09 23:32:45,604 [INFO] Pinging audit network channel: Visa Gateway
2026-06-09 23:32:46,832 [INFO] Pinging audit network channel: Stripe Fraud Engine
2026-06-09 23:32:48,119 [INFO] Pinging audit network channel: Internal Ledger Audit
2026-06-09 23:32:49,399 [INFO] Pinging audit network channel: Visa Gateway
2026-06-09 23:32:50,650 [INFO] Pinging audit network channel: Stripe Fraud Engine
2026-06-09 23:32:51,920 [INFO] Pinging audit network channel: Internal Ledger Audit
2026-06-09 23:32:53,182 [INFO] Pinging audit network channel: Visa Gateway
2026-06-09 23:32:54,406 [INFO] Pinging audit network channel: Stripe Fraud Engine
2026-06-09 23:32:55,599 [INFO] Pinging audit network channel: Internal Ledger Audit
2026-06-09 23:32:56,847 [INFO] Pinging audit network channel: Visa Gateway
2026-06-09 23:32:58,099 [INFO] Pinging audit network channel: Stripe Fraud Engine
2026-06-09 23:32:59,315 [INFO] Pinging audit network channel: Internal Ledger Audit
2026-06-09 23:32:59,844 [INFO] Pinging audit network channel: Visa Gateway
2026-06-09 23:33:00,306 [INFO] Pinging audit network channel: Stripe Fraud Engine
2026-06-09 23:33:00,834 [INFO] Pinging audit network channel: Internal Ledger Audit
2026-06-09 23:33:01,404 [INFO] Pinging audit network channel: Visa Gateway
2026-06-09 23:33:01,823 [INFO] Pinging audit network channel: Stripe Fraud Engine
2026-06-09 23:33:02,247 [INFO] Pinging audit network channel: Internal Ledger Audit
2026-06-09 23:33:02,738 [INFO] Pinging audit network channel: Visa Gateway
2026-06-09 23:33:03,177 [INFO] Pinging audit network channel: Stripe Fraud Engine
2026-06-09 23:33:03,730 [INFO] Pinging audit network channel: Internal Ledger Audit
2026-06-09 23:33:04,175 [INFO] Pinging audit network channel: Visa Gateway
2026-06-09 23:33:04,596 [INFO] Pinging audit network channel: Stripe Fraud Engine
2026-06-09 23:33:05,146 [INFO] Pinging audit network channel: Internal Ledger Audit
2026-06-09 23:33:05,688 [INFO] Pinging audit network channel: Visa Gateway
2026-06-09 23:33:06,163 [INFO] Pinging audit network channel: Stripe Fraud Engine
2026-06-09 23:33:06,660 [INFO] Pinging audit network channel: Internal Ledger Audit
2026-06-09 23:33:07,048 [INFO] Pinging audit network channel: Visa Gateway
2026-06-09 23:33:07,524 [INFO] Pinging audit network channel: Stripe Fraud Engine
2026-06-09 23:33:08,103 [INFO] Pinging audit network channel: Internal Ledger Audit
2026-06-09 23:33:08,563 [INFO] Pinging audit network channel: Visa Gateway
2026-06-09 23:33:09,194 [INFO] Pinging audit network channel: Stripe Fraud Engine
2026-06-09 23:33:09,790 [INFO] Pinging audit network channel: Internal Ledger Audit
2026-06-09 23:33:10,511 [INFO] Pinging audit network channel: Visa Gateway
2026-06-09 23:33:11,141 [INFO] Pinging audit network channel: Stripe Fraud Engine
2026-06-09 23:33:11,797 [INFO] Pinging audit network channel: Internal Ledger Audit
2026-06-09 23:33:12,251 [INFO] Pinging audit network channel: Visa Gateway
2026-06-09 23:33:12,746 [INFO] Pinging audit network channel: Stripe Fraud Engine
2026-06-09 23:33:13,368 [INFO] Pinging audit network channel: Internal Ledger Audit
2026-06-09 23:33:14,160 [INFO] Pinging audit network channel: Visa Gateway
2026-06-09 23:33:14,695 [INFO] Pinging audit network channel: Stripe Fraud Engine
2026-06-09 23:33:15,094 [INFO] Pinging audit network channel: Internal Ledger Audit
2026-06-09 23:33:15,555 [INFO] Pinging audit network channel: Visa Gateway
2026-06-09 23:33:16,035 [INFO] Pinging audit network channel: Stripe Fraud Engine
2026-06-09 23:33:16,604 [INFO] Pinging audit network channel: Internal Ledger Audit
2026-06-09 23:33:17,166 [INFO] Pinging audit network channel: Visa Gateway
2026-06-09 23:33:17,657 [INFO] Pinging audit network channel: Stripe Fraud Engine
2026-06-09 23:33:18,235 [INFO] Pinging audit network channel: Internal Ledger Audit
2026-06-09 23:33:18,739 [INFO] Pinging audit network channel: Visa Gateway
2026-06-09 23:33:19,215 [INFO] Pinging audit network channel: Stripe Fraud Engine
2026-06-09 23:33:19,730 [INFO] Pinging audit network channel: Internal Ledger Audit
2026-06-09 23:33:20,179 [INFO] Pinging audit network channel: Visa Gateway
2026-06-09 23:33:20,726 [INFO] Pinging audit network channel: Stripe Fraud Engine
2026-06-09 23:33:21,373 [INFO] Pinging audit network channel: Internal Ledger Audit
2026-06-09 23:33:22,099 [INFO] Pinging audit network channel: Visa Gateway
2026-06-09 23:33:22,507 [INFO] Pinging audit network channel: Stripe Fraud Engine
2026-06-09 23:33:23,002 [INFO] Pinging audit network channel: Internal Ledger Audit
2026-06-09 23:33:23,520 [INFO] Pinging audit network channel: Visa Gateway
2026-06-09 23:33:24,009 [INFO] Pinging audit network channel: Stripe Fraud Engine
2026-06-09 23:33:24,604 [INFO] Pinging audit network channel: Internal Ledger Audit
2026-06-09 23:33:25,250 [INFO] Pinging audit network channel: Visa Gateway
